<?xml version="1.0" encoding="UTF-8"?>
<testsuite name="dev.zihasz.sec4j.tests.encryption.DESTest" tests="1" skipped="0" failures="0" errors="0" timestamp="2021-06-06T08:52:59" hostname="DESKTOP-N6JV0D3" time="0.019">
  <properties/>
  <testcase name="testDESEncryptDecrypt1()" classname="dev.zihasz.sec4j.tests.encryption.DESTest" time="0.019"/>
  <system-out><![CDATA[]]></system-out>
  <system-err><![CDATA[]]></system-err>
</testsuite>
